<?xml version="1.0" encoding="UTF-8"?>
<testsuite xmlns:xsi="http://www.w3.org/2001/XMLSchema-instance" xsi:noNamespaceSchemaLocation="https://maven.apache.org/surefire/maven-surefire-plugin/xsd/surefire-test-report.xsd" name="edu.nlu.motorbike_shop.dao.EmployeeDAOTest" time="0.612" tests="11" errors="2" skipped="0" failures="3">
  <properties>
[...]
</properties>
  <testcase name="testDeleteEmployee" classname="edu.nlu.motorbike_shop.dao.EmployeeDAOTest" time="0.217"/>
  <testcase name="testFindAll" classname="edu.nlu.motorbike_shop.dao.EmployeeDAOTest" time="0.017">
    <failure type="java.lang.AssertionError">java.lang.AssertionError
	at edu.nlu.motorbike_shop.dao.EmployeeDAOTest.testFindAll(EmployeeDAOTest.java:27)
</failure>
    <system-err><![CDATA[java.sql.SQLSyntaxErrorException: You have an error in your SQL syntax; check the manual that corresponds to your MariaDB server version for the right syntax to use near '-5' at line 1
	at com.mysql.cj.jdbc.exceptions.SQLError.createSQLException(SQLError.java:120)
	at com.mysql.cj.jdbc.exceptions.SQLExceptionsMapping.translateException(SQLExceptionsMapping.java:122)
	at com.mysql.cj.jdbc.ClientPreparedStatement.executeInternal(ClientPreparedStatement.java:953)
	at com.mysql.cj.jdbc.ClientPreparedStatement.executeQuery(ClientPreparedStatement.java:1003)
	at edu.nlu.motorbike_shop.dao.EmployeeDAO.findAll(EmployeeDAO.java:224)
	at edu.nlu.motorbike_shop.dao.EmployeeDAOTest.testFindAll(EmployeeDAOTest.java:27)
	at java.base/jdk.internal.reflect.NativeMethodAccessorImpl.invoke0(Native Method)
	at java.base/jdk.internal.reflect.NativeMethodAccessorImpl.invoke(NativeMethodAccessorImpl.java:64)
	at java.base/jdk.internal.reflect.DelegatingMethodAccessorImpl.invoke(DelegatingMethodAccessorImpl.java:43)
	at java.base/java.lang.reflect.Method.invoke(Method.java:564)
	at org.junit.runners.model.FrameworkMethod$1.runReflectiveCall(FrameworkMethod.java:59)
	at org.junit.internal.runners.model.ReflectiveCallable.run(ReflectiveCallable.java:12)
	at org.junit.runners.model.FrameworkMethod.invokeExplosively(FrameworkMethod.java:56)
	at org.junit.internal.runners.statements.InvokeMethod.evaluate(InvokeMethod.java:17)
	at org.junit.runners.ParentRunner$3.evaluate(ParentRunner.java:306)
	at org.junit.runners.BlockJUnit4ClassRunner$1.evaluate(BlockJUnit4ClassRunner.java:100)
	at org.junit.runners.ParentRunner.runLeaf(ParentRunner.java:366)
	at org.junit.runners.BlockJUnit4ClassRunner.runChild(BlockJUnit4ClassRunner.java:103)
	at org.junit.runners.BlockJUnit4ClassRunner.runChild(BlockJUnit4ClassRunner.java:63)
	at org.junit.runners.ParentRunner$4.run(ParentRunner.java:331)
	at org.junit.runners.ParentRunner$1.schedule(ParentRunner.java:79)
	at org.junit.runners.ParentRunner.runChildren(ParentRunner.java:329)
	at org.junit.runners.ParentRunner.access$100(ParentRunner.java:66)
	at org.junit.runners.ParentRunner$2.evaluate(ParentRunner.java:293)
	at org.junit.runners.ParentRunner$3.evaluate(ParentRunner.java:306)
	at org.junit.runners.ParentRunner.run(ParentRunner.java:413)
	at org.apache.maven.surefire.junit4.JUnit4Provider.execute(JUnit4Provider.java:365)
	at org.apache.maven.surefire.junit4.JUnit4Provider.executeWithRerun(JUnit4Provider.java:273)
	at org.apache.maven.surefire.junit4.JUnit4Provider.executeTestSet(JUnit4Provider.java:238)
	at org.apache.maven.surefire.junit4.JUnit4Provider.invoke(JUnit4Provider.java:159)
	at org.apache.maven.surefire.booter.ForkedBooter.invokeProviderInSameClassLoader(ForkedBooter.java:384)
	at org.apache.maven.surefire.booter.ForkedBooter.runSuitesInProcess(ForkedBooter.java:345)
	at org.apache.maven.surefire.booter.ForkedBooter.execute(ForkedBooter.java:126)
	at org.apache.maven.surefire.booter.ForkedBooter.main(ForkedBooter.java:418)
]]></system-err>
  </testcase>
  <testcase name="testCount" classname="edu.nlu.motorbike_shop.dao.EmployeeDAOTest" time="0.004"/>
  <testcase name="testCheckLoginFail" classname="edu.nlu.motorbike_shop.dao.EmployeeDAOTest" time="0.006"/>
  <testcase name="testCheckEmailExists" classname="edu.nlu.motorbike_shop.dao.EmployeeDAOTest" time="0.004"/>
  <testcase name="testFindEmployeeByEmail" classname="edu.nlu.motorbike_shop.dao.EmployeeDAOTest" time="0.015">
    <failure message="expected:&lt;Hoàng[ Phạm]&gt; but was:&lt;Hoàng[]&gt;" type="org.junit.ComparisonFailure"><![CDATA[org.junit.ComparisonFailure: expected:<Hoàng[ Phạm]> but was:<Hoàng[]>
	at edu.nlu.motorbike_shop.dao.EmployeeDAOTest.testFindEmployeeByEmail(EmployeeDAOTest.java:89)
]]></failure>
    <system-out><![CDATA[Employee{id=5, firstName='Thông', lastName='Hoàng', phoneNumber='0123', email='thong@gmail.com', password='00822c780b7e4c7a0e4b887d41ca0155', enabled=true, roles=[nhân viên bán hàng, nhân viên giao hàng], address=Address(id=4, street=???ng s? 12, ward=bình h?ng hòa, district=bình tân, city=h? chí minh, employee=null)}
]]></system-out>
  </testcase>
  <testcase name="testUpdateEmployee" classname="edu.nlu.motorbike_shop.dao.EmployeeDAOTest" time="0.012">
    <error message="Cannot invoke &quot;edu.nlu.motorbike_shop.entity.Employee.setLastName(String)&quot; because &quot;employee&quot; is null" type="java.lang.NullPointerException">java.lang.NullPointerException: Cannot invoke "edu.nlu.motorbike_shop.entity.Employee.setLastName(String)" because "employee" is null
	at edu.nlu.motorbike_shop.dao.EmployeeDAOTest.testUpdateEmployee(EmployeeDAOTest.java:63)
</error>
  </testcase>
  <testcase name="testCreateEmployee" classname="edu.nlu.motorbike_shop.dao.EmployeeDAOTest" time="0.186">
    <failure type="java.lang.AssertionError">java.lang.AssertionError
	at edu.nlu.motorbike_shop.dao.EmployeeDAOTest.testCreateEmployee(EmployeeDAOTest.java:44)
</failure>
    <system-err><![CDATA[java.sql.SQLIntegrityConstraintViolationException: Duplicate entry 'thong@gmail.com' for key 'email_UNIQUE'
	at com.mysql.cj.jdbc.exceptions.SQLError.createSQLException(SQLError.java:117)
	at com.mysql.cj.jdbc.exceptions.SQLExceptionsMapping.translateException(SQLExceptionsMapping.java:122)
	at com.mysql.cj.jdbc.ClientPreparedStatement.executeInternal(ClientPreparedStatement.java:953)
	at com.mysql.cj.jdbc.ClientPreparedStatement.executeUpdateInternal(ClientPreparedStatement.java:1092)
	at com.mysql.cj.jdbc.ClientPreparedStatement.executeUpdateInternal(ClientPreparedStatement.java:1040)
	at com.mysql.cj.jdbc.ClientPreparedStatement.executeLargeUpdate(ClientPreparedStatement.java:1348)
	at com.mysql.cj.jdbc.ClientPreparedStatement.executeUpdate(ClientPreparedStatement.java:1025)
	at edu.nlu.motorbike_shop.dao.EmployeeDAO.save(EmployeeDAO.java:286)
	at edu.nlu.motorbike_shop.dao.EmployeeDAOTest.testCreateEmployee(EmployeeDAOTest.java:44)
	at java.base/jdk.internal.reflect.NativeMethodAccessorImpl.invoke0(Native Method)
	at java.base/jdk.internal.reflect.NativeMethodAccessorImpl.invoke(NativeMethodAccessorImpl.java:64)
	at java.base/jdk.internal.reflect.DelegatingMethodAccessorImpl.invoke(DelegatingMethodAccessorImpl.java:43)
	at java.base/java.lang.reflect.Method.invoke(Method.java:564)
	at org.junit.runners.model.FrameworkMethod$1.runReflectiveCall(FrameworkMethod.java:59)
	at org.junit.internal.runners.model.ReflectiveCallable.run(ReflectiveCallable.java:12)
	at org.junit.runners.model.FrameworkMethod.invokeExplosively(FrameworkMethod.java:56)
	at org.junit.internal.runners.statements.InvokeMethod.evaluate(InvokeMethod.java:17)
	at org.junit.runners.ParentRunner$3.evaluate(ParentRunner.java:306)
	at org.junit.runners.BlockJUnit4ClassRunner$1.evaluate(BlockJUnit4ClassRunner.java:100)
	at org.junit.runners.ParentRunner.runLeaf(ParentRunner.java:366)
	at org.junit.runners.BlockJUnit4ClassRunner.runChild(BlockJUnit4ClassRunner.java:103)
	at org.junit.runners.BlockJUnit4ClassRunner.runChild(BlockJUnit4ClassRunner.java:63)
	at org.junit.runners.ParentRunner$4.run(ParentRunner.java:331)
	at org.junit.runners.ParentRunner$1.schedule(ParentRunner.java:79)
	at org.junit.runners.ParentRunner.runChildren(ParentRunner.java:329)
	at org.junit.runners.ParentRunner.access$100(ParentRunner.java:66)
	at org.junit.runners.ParentRunner$2.evaluate(ParentRunner.java:293)
	at org.junit.runners.ParentRunner$3.evaluate(ParentRunner.java:306)
	at org.junit.runners.ParentRunner.run(ParentRunner.java:413)
	at org.apache.maven.surefire.junit4.JUnit4Provider.execute(JUnit4Provider.java:365)
	at org.apache.maven.surefire.junit4.JUnit4Provider.executeWithRerun(JUnit4Provider.java:273)
	at org.apache.maven.surefire.junit4.JUnit4Provider.executeTestSet(JUnit4Provider.java:238)
	at org.apache.maven.surefire.junit4.JUnit4Provider.invoke(JUnit4Provider.java:159)
	at org.apache.maven.surefire.booter.ForkedBooter.invokeProviderInSameClassLoader(ForkedBooter.java:384)
	at org.apache.maven.surefire.booter.ForkedBooter.runSuitesInProcess(ForkedBooter.java:345)
	at org.apache.maven.surefire.booter.ForkedBooter.execute(ForkedBooter.java:126)
	at org.apache.maven.surefire.booter.ForkedBooter.main(ForkedBooter.java:418)
]]></system-err>
  </testcase>
  <testcase name="testCheckLoginSuccess" classname="edu.nlu.motorbike_shop.dao.EmployeeDAOTest" time="0.067"/>
  <testcase name="testFindEmployeeById" classname="edu.nlu.motorbike_shop.dao.EmployeeDAOTest" time="0.005">
    <error message="Cannot invoke &quot;edu.nlu.motorbike_shop.entity.Employee.getEmail()&quot; because &quot;employee&quot; is null" type="java.lang.NullPointerException">java.lang.NullPointerException: Cannot invoke "edu.nlu.motorbike_shop.entity.Employee.getEmail()" because "employee" is null
	at edu.nlu.motorbike_shop.dao.EmployeeDAOTest.testFindEmployeeById(EmployeeDAOTest.java:52)
</error>
  </testcase>
  <testcase name="testSearch" classname="edu.nlu.motorbike_shop.dao.EmployeeDAOTest" time="0.019"/>
</testsuite>